Using pre-set license
Built from '2020.3/staging' branch; Version is '2020.3.25f1 (9b9180224418) revision 10195328'; Using compiler version '192528614'; Build Type 'Release'
OS: 'Windows 10  (10.0.19042) 64bit Core' Language: 'en' Physical Memory: 15776 MB
BatchMode: 1, IsHumanControllingUs: 0, StartBugReporterOnCrash: 0, Is64bit: 1, IsPro: 0

COMMAND LINE ARGUMENTS:
C:\Program Files\Unity\Hub\Editor\2020.3.25f1\Editor\Unity.exe
-adb2
-batchMode
-noUpm
-name
AssetImportWorker0
-projectPath
C:/Users/Brandon Shin/PokerMultiplayer
-logFile
Logs/AssetImportWorker0.log
-srvPort
58863
Successfully changed project path to: C:/Users/Brandon Shin/PokerMultiplayer
C:/Users/Brandon Shin/PokerMultiplayer
Using Asset Import Pipeline V2.
Refreshing native plugins compatible for Editor in 35.97 ms, found 3 plugins.
Preloading 0 native plugins for Editor in 0.00 ms.
Initialize engine version: 2020.3.25f1 (9b9180224418)
[Subsystems] Discovering subsystems at path C:/Program Files/Unity/Hub/Editor/2020.3.25f1/Editor/Data/Resources/UnitySubsystems
[Subsystems] Discovering subsystems at path C:/Users/Brandon Shin/PokerMultiplayer/Assets
GfxDevice: creating device client; threaded=0
Direct3D:
    Version:  Direct3D 11.0 [level 11.1]
    Renderer: NVIDIA GeForce RTX 3060 Laptop GPU (ID=0x2520)
    Vendor:   
    VRAM:     6023 MB
    Driver:   27.21.14.6213
Initialize mono
Mono path[0] = 'C:/Program Files/Unity/Hub/Editor/2020.3.25f1/Editor/Data/Managed'
Mono path[1] = 'C:/Program Files/Unity/Hub/Editor/2020.3.25f1/Editor/Data/MonoBleedingEdge/lib/mono/unityjit'
Mono config path = 'C:/Program Files/Unity/Hub/Editor/2020.3.25f1/Editor/Data/MonoBleedingEdge/etc'
Using monoOptions --debugger-agent=transport=dt_socket,embedding=1,server=y,suspend=n,address=127.0.0.1:56036
Begin MonoManager ReloadAssembly
Registering precompiled unity dll's ...
Register platform support module: C:/Program Files/Unity/Hub/Editor/2020.3.25f1/Editor/Data/PlaybackEngines/WindowsStandaloneSupport/UnityEditor.WindowsStandalone.Extensions.dll
Registered in 0.001451 seconds.
Native extension for WindowsStandalone target not found
Refreshing native plugins compatible for Editor in 35.36 ms, found 3 plugins.
Preloading 0 native plugins for Editor in 0.00 ms.
Mono: successfully reloaded assembly
- Completed reload, in  0.400 seconds
Domain Reload Profiling:
	ReloadAssembly (401ms)
		BeginReloadAssembly (38ms)
			ExecutionOrderSort (0ms)
			DisableScriptedObjects (0ms)
			BackupInstance (0ms)
			ReleaseScriptingObjects (0ms)
			CreateAndSetChildDomain (1ms)
		EndReloadAssembly (311ms)
			LoadAssemblies (37ms)
			RebuildTransferFunctionScriptingTraits (0ms)
			SetupTypeCache (95ms)
			ReleaseScriptCaches (0ms)
			RebuildScriptCaches (19ms)
			SetupLoadedEditorAssemblies (128ms)
				LogAssemblyErrors (0ms)
				InitializePlatformSupportModulesInManaged (3ms)
				SetLoadedEditorAssemblies (0ms)
				RefreshPlugins (35ms)
				BeforeProcessingInitializeOnLoad (10ms)
				ProcessInitializeOnLoadAttributes (60ms)
				ProcessInitializeOnLoadMethodAttributes (20ms)
				AfterProcessingInitializeOnLoad (0ms)
				EditorAssembliesLoaded (0ms)
			ExecutionOrderSort2 (0ms)
			AwakeInstancesAfterBackupRestoration (0ms)
Platform modules already initialized, skipping
Registering precompiled user dll's ...
Registered in 0.004768 seconds.
Begin MonoManager ReloadAssembly
Native extension for WindowsStandalone target not found
Refreshing native plugins compatible for Editor in 35.21 ms, found 3 plugins.
Preloading 0 native plugins for Editor in 0.00 ms.
Mono: successfully reloaded assembly
- Completed reload, in  0.782 seconds
Domain Reload Profiling:
	ReloadAssembly (783ms)
		BeginReloadAssembly (96ms)
			ExecutionOrderSort (0ms)
			DisableScriptedObjects (3ms)
			BackupInstance (0ms)
			ReleaseScriptingObjects (0ms)
			CreateAndSetChildDomain (15ms)
		EndReloadAssembly (643ms)
			LoadAssemblies (69ms)
			RebuildTransferFunctionScriptingTraits (0ms)
			SetupTypeCache (203ms)
			ReleaseScriptCaches (0ms)
			RebuildScriptCaches (32ms)
			SetupLoadedEditorAssemblies (261ms)
				LogAssemblyErrors (0ms)
				InitializePlatformSupportModulesInManaged (3ms)
				SetLoadedEditorAssemblies (0ms)
				RefreshPlugins (35ms)
				BeforeProcessingInitializeOnLoad (60ms)
				ProcessInitializeOnLoadAttributes (141ms)
				ProcessInitializeOnLoadMethodAttributes (18ms)
				AfterProcessingInitializeOnLoad (5ms)
				EditorAssembliesLoaded (0ms)
			ExecutionOrderSort2 (0ms)
			AwakeInstancesAfterBackupRestoration (5ms)
Platform modules already initialized, skipping
========================================================================
Worker process is ready to serve import requests
Launched and connected shader compiler UnityShaderCompiler.exe after 0.04 seconds
Refreshing native plugins compatible for Editor in 0.55 ms, found 3 plugins.
Preloading 0 native plugins for Editor in 0.00 ms.
Unloading 2509 Unused Serialized files (Serialized files now loaded: 0)
System memory in use before: 105.4 MB.
System memory in use after: 105.6 MB.

Unloading 33 unused Assets to reduce memory usage. Loaded Objects now: 2939.
Total: 2.860200 ms (FindLiveObjects: 0.192300 ms CreateObjectMapping: 0.086300 ms MarkObjects: 2.520500 ms  DeleteObjects: 0.060400 ms)

AssetImportParameters requested are different than current active one (requested -> active):
  custom:framework-win-MediaFoundation: 216162199b28c13a410421893ffa2e32 -> 
  custom:video-decoder-ogg-theora: a1e56fd34408186e4bbccfd4996cb3dc -> 
  custom:container-muxer-webm: aa71ff27fc2769a1b78a27578f13a17b -> 
  custom:container-demuxer-webm: 4f35f7cbe854078d1ac9338744f61a02 -> 
  custom:container-demuxer-ogg: 62fdf1f143b41e24485cea50d1cbac27 -> 
  custom:video-encoder-webm-vp8: eb34c28f22e8b96e1ab97ce403110664 -> 
  custom:video-codec-MediaFoundation-h265: 746d11721c4dcdbdad8f713fa42b33f4 -> 
  custom:video-decoder-webm-vp8: 9c59270c3fd7afecdb556c50c9e8de78 -> 
  custom:audio-decoder-ogg-vorbis: bf7c407c2cedff20999df2af8eb42d56 -> 
  custom:audio-encoder-webm-vorbis: bf7c407c2cedff20999df2af8eb42d56 -> 
========================================================================
Received Import Request.
  path: Assets/Scripts/MyNetworkPlayer.cs
  artifactKey: Guid(95269d61cbcc0524682eb4ccda5f0308) Importer(815301076,1909f56bfc062723c751e8b465ee728b)
Start importing Assets/Scripts/MyNetworkPlayer.cs using Guid(95269d61cbcc0524682eb4ccda5f0308) Importer(815301076,1909f56bfc062723c751e8b465ee728b)  -> (artifact id: '8448e8cae3eb12dabc800fb47b57714b') in 0.039427 seconds 
  Import took 0.043207 seconds .

========================================================================
Received Prepare
Registering precompiled user dll's ...
Registered in 0.004539 seconds.
Begin MonoManager ReloadAssembly
Native extension for WindowsStandalone target not found
Refreshing native plugins compatible for Editor in 0.57 ms, found 3 plugins.
Preloading 0 native plugins for Editor in 0.00 ms.
Mono: successfully reloaded assembly
- Completed reload, in  0.782 seconds
Domain Reload Profiling:
	ReloadAssembly (783ms)
		BeginReloadAssembly (101ms)
			ExecutionOrderSort (0ms)
			DisableScriptedObjects (4ms)
			BackupInstance (0ms)
			ReleaseScriptingObjects (0ms)
			CreateAndSetChildDomain (33ms)
		EndReloadAssembly (634ms)
			LoadAssemblies (76ms)
			RebuildTransferFunctionScriptingTraits (0ms)
			SetupTypeCache (222ms)
			ReleaseScriptCaches (1ms)
			RebuildScriptCaches (29ms)
			SetupLoadedEditorAssemblies (235ms)
				LogAssemblyErrors (0ms)
				InitializePlatformSupportModulesInManaged (4ms)
				SetLoadedEditorAssemblies (0ms)
				RefreshPlugins (1ms)
				BeforeProcessingInitializeOnLoad (72ms)
				ProcessInitializeOnLoadAttributes (139ms)
				ProcessInitializeOnLoadMethodAttributes (14ms)
				AfterProcessingInitializeOnLoad (5ms)
				EditorAssembliesLoaded (0ms)
			ExecutionOrderSort2 (0ms)
			AwakeInstancesAfterBackupRestoration (6ms)
Platform modules already initialized, skipping
Refreshing native plugins compatible for Editor in 0.56 ms, found 3 plugins.
Preloading 0 native plugins for Editor in 0.00 ms.
Unloading 2498 Unused Serialized files (Serialized files now loaded: 0)
System memory in use before: 104.8 MB.
System memory in use after: 105.1 MB.

Unloading 22 unused Assets to reduce memory usage. Loaded Objects now: 2941.
Total: 3.382600 ms (FindLiveObjects: 0.199500 ms CreateObjectMapping: 0.099400 ms MarkObjects: 3.066500 ms  DeleteObjects: 0.015900 ms)

AssetImportParameters requested are different than current active one (requested -> active):
  custom:framework-win-MediaFoundation: 216162199b28c13a410421893ffa2e32 -> 
  custom:video-decoder-ogg-theora: a1e56fd34408186e4bbccfd4996cb3dc -> 
  custom:container-muxer-webm: aa71ff27fc2769a1b78a27578f13a17b -> 
  custom:container-demuxer-webm: 4f35f7cbe854078d1ac9338744f61a02 -> 
  custom:container-demuxer-ogg: 62fdf1f143b41e24485cea50d1cbac27 -> 
  custom:video-encoder-webm-vp8: eb34c28f22e8b96e1ab97ce403110664 -> 
  custom:video-codec-MediaFoundation-h265: 746d11721c4dcdbdad8f713fa42b33f4 -> 
  custom:video-decoder-webm-vp8: 9c59270c3fd7afecdb556c50c9e8de78 -> 
  custom:audio-decoder-ogg-vorbis: bf7c407c2cedff20999df2af8eb42d56 -> 
  custom:audio-encoder-webm-vorbis: bf7c407c2cedff20999df2af8eb42d56 -> 
========================================================================
Received Import Request.
  Time since last request: 59.010478 seconds.
  path: Assets/Scripts/MyNetworkPlayer.cs
  artifactKey: Guid(95269d61cbcc0524682eb4ccda5f0308) Importer(815301076,1909f56bfc062723c751e8b465ee728b)
Start importing Assets/Scripts/MyNetworkPlayer.cs using Guid(95269d61cbcc0524682eb4ccda5f0308) Importer(815301076,1909f56bfc062723c751e8b465ee728b)  -> (artifact id: '314232025c569469242a2f123cbb7d6a') in 0.005055 seconds 
  Import took 0.008643 seconds .

========================================================================
Received Prepare
Registering precompiled user dll's ...
Registered in 0.004548 seconds.
Begin MonoManager ReloadAssembly
Native extension for WindowsStandalone target not found
Refreshing native plugins compatible for Editor in 0.56 ms, found 3 plugins.
Preloading 0 native plugins for Editor in 0.00 ms.
Mono: successfully reloaded assembly
- Completed reload, in  0.727 seconds
Domain Reload Profiling:
	ReloadAssembly (728ms)
		BeginReloadAssembly (90ms)
			ExecutionOrderSort (0ms)
			DisableScriptedObjects (4ms)
			BackupInstance (0ms)
			ReleaseScriptingObjects (0ms)
			CreateAndSetChildDomain (30ms)
		EndReloadAssembly (594ms)
			LoadAssemblies (70ms)
			RebuildTransferFunctionScriptingTraits (0ms)
			SetupTypeCache (205ms)
			ReleaseScriptCaches (1ms)
			RebuildScriptCaches (27ms)
			SetupLoadedEditorAssemblies (223ms)
				LogAssemblyErrors (0ms)
				InitializePlatformSupportModulesInManaged (3ms)
				SetLoadedEditorAssemblies (0ms)
				RefreshPlugins (1ms)
				BeforeProcessingInitializeOnLoad (66ms)
				ProcessInitializeOnLoadAttributes (134ms)
				ProcessInitializeOnLoadMethodAttributes (14ms)
				AfterProcessingInitializeOnLoad (5ms)
				EditorAssembliesLoaded (0ms)
			ExecutionOrderSort2 (0ms)
			AwakeInstancesAfterBackupRestoration (6ms)
Platform modules already initialized, skipping
Refreshing native plugins compatible for Editor in 0.54 ms, found 3 plugins.
Preloading 0 native plugins for Editor in 0.00 ms.
Unloading 2498 Unused Serialized files (Serialized files now loaded: 0)
System memory in use before: 104.9 MB.
System memory in use after: 105.1 MB.

Unloading 22 unused Assets to reduce memory usage. Loaded Objects now: 2943.
Total: 2.595700 ms (FindLiveObjects: 0.196100 ms CreateObjectMapping: 0.090300 ms MarkObjects: 2.294100 ms  DeleteObjects: 0.014500 ms)

AssetImportParameters requested are different than current active one (requested -> active):
  custom:framework-win-MediaFoundation: 216162199b28c13a410421893ffa2e32 -> 
  custom:video-decoder-ogg-theora: a1e56fd34408186e4bbccfd4996cb3dc -> 
  custom:container-muxer-webm: aa71ff27fc2769a1b78a27578f13a17b -> 
  custom:container-demuxer-webm: 4f35f7cbe854078d1ac9338744f61a02 -> 
  custom:container-demuxer-ogg: 62fdf1f143b41e24485cea50d1cbac27 -> 
  custom:video-encoder-webm-vp8: eb34c28f22e8b96e1ab97ce403110664 -> 
  custom:video-codec-MediaFoundation-h265: 746d11721c4dcdbdad8f713fa42b33f4 -> 
  custom:video-decoder-webm-vp8: 9c59270c3fd7afecdb556c50c9e8de78 -> 
  custom:audio-decoder-ogg-vorbis: bf7c407c2cedff20999df2af8eb42d56 -> 
  custom:audio-encoder-webm-vorbis: bf7c407c2cedff20999df2af8eb42d56 -> 
========================================================================
Received Import Request.
  Time since last request: 65.727474 seconds.
  path: Assets/Scripts/MyNetworkPlayer.cs
  artifactKey: Guid(95269d61cbcc0524682eb4ccda5f0308) Importer(815301076,1909f56bfc062723c751e8b465ee728b)
Start importing Assets/Scripts/MyNetworkPlayer.cs using Guid(95269d61cbcc0524682eb4ccda5f0308) Importer(815301076,1909f56bfc062723c751e8b465ee728b)  -> (artifact id: '8c44c658d967a021d1d1ce8048229074') in 0.005196 seconds 
  Import took 0.009088 seconds .

========================================================================
Received Import Request.
  Time since last request: 5.630530 seconds.
  path: Assets/Scripts/MyNetworkGambler.cs
  artifactKey: Guid(95269d61cbcc0524682eb4ccda5f0308) Importer(815301076,1909f56bfc062723c751e8b465ee728b)
Start importing Assets/Scripts/MyNetworkGambler.cs using Guid(95269d61cbcc0524682eb4ccda5f0308) Importer(815301076,1909f56bfc062723c751e8b465ee728b)  -> (artifact id: '9b2a7dc8ff92df5a2c19d010c7c87f63') in 0.006103 seconds 
  Import took 0.009621 seconds .

========================================================================
Received Import Request.
  Time since last request: 20.780671 seconds.
  path: Assets/Scripts/MyNetworkGambler.cs
  artifactKey: Guid(95269d61cbcc0524682eb4ccda5f0308) Importer(815301076,1909f56bfc062723c751e8b465ee728b)
Start importing Assets/Scripts/MyNetworkGambler.cs using Guid(95269d61cbcc0524682eb4ccda5f0308) Importer(815301076,1909f56bfc062723c751e8b465ee728b)  -> (artifact id: '962700953cfac1a1634d920fa3662a56') in 0.001691 seconds 
  Import took 0.005131 seconds .

========================================================================
Received Import Request.
  Time since last request: 29.134756 seconds.
  path: Assets/Scripts/MyNetworkDealer.cs
  artifactKey: Guid(95269d61cbcc0524682eb4ccda5f0308) Importer(815301076,1909f56bfc062723c751e8b465ee728b)
Start importing Assets/Scripts/MyNetworkDealer.cs using Guid(95269d61cbcc0524682eb4ccda5f0308) Importer(815301076,1909f56bfc062723c751e8b465ee728b)  -> (artifact id: '10014c2d5e606e9bd47905ca02769f18') in 0.006051 seconds 
  Import took 0.009666 seconds .

========================================================================
Received Import Request.
  Time since last request: 16.489788 seconds.
  path: Assets/Scripts/MyNetworkDealer.cs
  artifactKey: Guid(95269d61cbcc0524682eb4ccda5f0308) Importer(815301076,1909f56bfc062723c751e8b465ee728b)
Start importing Assets/Scripts/MyNetworkDealer.cs using Guid(95269d61cbcc0524682eb4ccda5f0308) Importer(815301076,1909f56bfc062723c751e8b465ee728b)  -> (artifact id: 'd62b98796f79e5bf58475ad507ab7128') in 0.001599 seconds 
  Import took 0.005344 seconds .

========================================================================
Received Import Request.
  Time since last request: 0.598244 seconds.
  path: Assets/Scripts/MyNetworkManager.cs
  artifactKey: Guid(c0452de7e9caa9e48b7a4df33d8487e1) Importer(815301076,1909f56bfc062723c751e8b465ee728b)
Start importing Assets/Scripts/MyNetworkManager.cs using Guid(c0452de7e9caa9e48b7a4df33d8487e1) Importer(815301076,1909f56bfc062723c751e8b465ee728b)  -> (artifact id: 'e1f9812992221505956133ffc3f03cb6') in 0.004951 seconds 
  Import took 0.008379 seconds .

========================================================================
Received Import Request.
  Time since last request: 1.359212 seconds.
  path: Assets/Scripts/Deck.cs
  artifactKey: Guid(4174041205068c94badb34c029321fae) Importer(815301076,1909f56bfc062723c751e8b465ee728b)
Start importing Assets/Scripts/Deck.cs using Guid(4174041205068c94badb34c029321fae) Importer(815301076,1909f56bfc062723c751e8b465ee728b)  -> (artifact id: 'f97940671986dc479969191548742821') in 0.005582 seconds 
  Import took 0.009098 seconds .

========================================================================
Received Import Request.
  Time since last request: 3.549625 seconds.
  path: Assets/Scripts/MyNetworkGambler.cs
  artifactKey: Guid(95269d61cbcc0524682eb4ccda5f0308) Importer(815301076,1909f56bfc062723c751e8b465ee728b)
Start importing Assets/Scripts/MyNetworkGambler.cs using Guid(95269d61cbcc0524682eb4ccda5f0308) Importer(815301076,1909f56bfc062723c751e8b465ee728b)  -> (artifact id: 'd8ce77dd06fc366737f8a55fc5ea4ca4') in 0.001932 seconds 
  Import took 0.005487 seconds .

========================================================================
Received Import Request.
  Time since last request: 12.318287 seconds.
  path: Assets/Scripts/MyNetworkDealer.cs
  artifactKey: Guid(c0452de7e9caa9e48b7a4df33d8487e1) Importer(815301076,1909f56bfc062723c751e8b465ee728b)
Start importing Assets/Scripts/MyNetworkDealer.cs using Guid(c0452de7e9caa9e48b7a4df33d8487e1) Importer(815301076,1909f56bfc062723c751e8b465ee728b)  -> (artifact id: '0ea61f521f36c4f9e220e8d0054a4505') in 0.001725 seconds 
  Import took 0.005514 seconds .

========================================================================
Received Import Request.
  Time since last request: 215.428185 seconds.
  path: Assets/Scripts/MyNetworkDealer.cs
  artifactKey: Guid(c0452de7e9caa9e48b7a4df33d8487e1) Importer(815301076,1909f56bfc062723c751e8b465ee728b)
Start importing Assets/Scripts/MyNetworkDealer.cs using Guid(c0452de7e9caa9e48b7a4df33d8487e1) Importer(815301076,1909f56bfc062723c751e8b465ee728b)  -> (artifact id: '706ee87db0b74e39425c546d6286f48a') in 0.002062 seconds 
  Import took 0.005692 seconds .

========================================================================
Received Prepare
Registering precompiled user dll's ...
Registered in 0.004752 seconds.
Begin MonoManager ReloadAssembly
Native extension for WindowsStandalone target not found
Refreshing native plugins compatible for Editor in 0.66 ms, found 3 plugins.
Preloading 0 native plugins for Editor in 0.00 ms.
Mono: successfully reloaded assembly
- Completed reload, in  0.758 seconds
Domain Reload Profiling:
	ReloadAssembly (758ms)
		BeginReloadAssembly (106ms)
			ExecutionOrderSort (0ms)
			DisableScriptedObjects (5ms)
			BackupInstance (0ms)
			ReleaseScriptingObjects (0ms)
			CreateAndSetChildDomain (35ms)
		EndReloadAssembly (607ms)
			LoadAssemblies (69ms)
			RebuildTransferFunctionScriptingTraits (0ms)
			SetupTypeCache (204ms)
			ReleaseScriptCaches (1ms)
			RebuildScriptCaches (27ms)
			SetupLoadedEditorAssemblies (239ms)
				LogAssemblyErrors (0ms)
				InitializePlatformSupportModulesInManaged (3ms)
				SetLoadedEditorAssemblies (0ms)
				RefreshPlugins (1ms)
				BeforeProcessingInitializeOnLoad (75ms)
				ProcessInitializeOnLoadAttributes (140ms)
				ProcessInitializeOnLoadMethodAttributes (16ms)
				AfterProcessingInitializeOnLoad (5ms)
				EditorAssembliesLoaded (0ms)
			ExecutionOrderSort2 (0ms)
			AwakeInstancesAfterBackupRestoration (7ms)
Platform modules already initialized, skipping
Refreshing native plugins compatible for Editor in 0.56 ms, found 3 plugins.
Preloading 0 native plugins for Editor in 0.00 ms.
Unloading 2498 Unused Serialized files (Serialized files now loaded: 0)
System memory in use before: 104.9 MB.
System memory in use after: 105.1 MB.

Unloading 22 unused Assets to reduce memory usage. Loaded Objects now: 2945.
Total: 3.422800 ms (FindLiveObjects: 0.279700 ms CreateObjectMapping: 0.069900 ms MarkObjects: 3.052200 ms  DeleteObjects: 0.019500 ms)

AssetImportParameters requested are different than current active one (requested -> active):
  custom:framework-win-MediaFoundation: 216162199b28c13a410421893ffa2e32 -> 
  custom:video-decoder-ogg-theora: a1e56fd34408186e4bbccfd4996cb3dc -> 
  custom:container-muxer-webm: aa71ff27fc2769a1b78a27578f13a17b -> 
  custom:container-demuxer-webm: 4f35f7cbe854078d1ac9338744f61a02 -> 
  custom:container-demuxer-ogg: 62fdf1f143b41e24485cea50d1cbac27 -> 
  custom:video-encoder-webm-vp8: eb34c28f22e8b96e1ab97ce403110664 -> 
  custom:video-codec-MediaFoundation-h265: 746d11721c4dcdbdad8f713fa42b33f4 -> 
  custom:video-decoder-webm-vp8: 9c59270c3fd7afecdb556c50c9e8de78 -> 
  custom:audio-decoder-ogg-vorbis: bf7c407c2cedff20999df2af8eb42d56 -> 
  custom:audio-encoder-webm-vorbis: bf7c407c2cedff20999df2af8eb42d56 -> 
AssetImportWorkerClient::OnTransportError - code=2 error=End of file
